d:\ronb\hardware\opengl\cambot\cambot\x64\debug\vc142.pdb
d:\ronb\hardware\opengl\cambot\cambot\x64\debug\vc142.idb
d:\ronb\hardware\opengl\cambot\cambot\x64\debug\widget_mgr.obj
d:\ronb\hardware\opengl\cambot\cambot\x64\debug\widget_base.obj
d:\ronb\hardware\opengl\cambot\cambot\x64\debug\widget.obj
d:\ronb\hardware\opengl\cambot\cambot\x64\debug\util.obj
d:\ronb\hardware\opengl\cambot\cambot\x64\debug\telemetry.obj
d:\ronb\hardware\opengl\cambot\cambot\x64\debug\stb_image.obj
d:\ronb\hardware\opengl\cambot\cambot\x64\debug\source.obj
d:\ronb\hardware\opengl\cambot\cambot\x64\debug\main.obj
d:\ronb\hardware\opengl\cambot\cambot\x64\debug\font_manager.obj
d:\ronb\hardware\opengl\cambot\cambot\x64\debug\media_container_manager.obj
d:\ronb\hardware\opengl\cambot\cambot\x64\debug\interaction_manager.obj
d:\ronb\hardware\opengl\cambot\cambot\x64\debug\env_config.obj
d:\ronb\hardware\opengl\cambot\cambot\x64\debug\glad.obj
d:\ronb\hardware\opengl\cambot\x64\debug\cambot.exe
d:\ronb\hardware\opengl\cambot\x64\debug\cambot.ilk
d:\ronb\hardware\opengl\cambot\x64\debug\cambot.pdb
d:\ronb\hardware\opengl\cambot\cambot\x64\debug\telemetry.obj.enc
d:\ronb\hardware\opengl\cambot\cambot\x64\debug\cambot.tlog\cl.command.1.tlog
d:\ronb\hardware\opengl\cambot\cambot\x64\debug\cambot.tlog\cl.read.1.tlog
d:\ronb\hardware\opengl\cambot\cambot\x64\debug\cambot.tlog\cl.write.1.tlog
d:\ronb\hardware\opengl\cambot\cambot\x64\debug\cambot.tlog\link.command.1.tlog
d:\ronb\hardware\opengl\cambot\cambot\x64\debug\cambot.tlog\link.read.1.tlog
d:\ronb\hardware\opengl\cambot\cambot\x64\debug\cambot.tlog\link.write.1.tlog
